<?xml version="1.0" encoding="UTF-8"?>
<testng-results skipped="0" failed="0" ignored="0" total="0" passed="0">
  <reporter-output>
  </reporter-output>
  <suite name="com.altaf.maven.FirstClsPageTest" duration-ms="0" started-at="2017-05-07T13:52:23Z" finished-at="2017-05-07T13:52:23Z">
    <groups>
    </groups>
    <test name="Command line test" duration-ms="0" started-at="2017-05-07T13:52:23Z" finished-at="2017-05-07T13:52:23Z">
    </test> <!-- Command line test -->
  </suite> <!-- com.altaf.maven.FirstClsPageTest -->
</testng-results>
